<?xml version="1.0" encoding="UTF-8"?>
<testsuite xmlns:xsi="http://www.w3.org/2001/XMLSchema-instance" xsi:noNamespaceSchemaLocation="https://maven.apache.org/surefire/maven-surefire-plugin/xsd/surefire-test-report-3.0.xsd" version="3.0" name="nl.hva.backend.Fahim.rest.TestingWebApplicationTests" time="3.641" tests="5" errors="0" skipped="0" failures="0">
  <properties>
[...]
</properties>
  <testcase name="testCreateProject" classname="nl.hva.backend.Fahim.rest.TestingWebApplicationTests" time="0.337">
    <system-out><![CDATA[21:00:17.387 [main] INFO org.springframework.test.context.support.AnnotationConfigContextLoaderUtils -- Could not detect default configuration classes for test class [nl.hva.backend.Fahim.rest.TestingWebApplicationTests]: TestingWebApplicationTests does not declare any static, non-private, non-final, nested classes annotated with @Configuration.
21:00:17.432 [main] INFO org.springframework.boot.test.context.SpringBootTestContextBootstrapper -- Found @SpringBootConfiguration nl.hva.backend.BackendApplication for test class nl.hva.backend.Fahim.rest.TestingWebApplicationTests

  .   ____          _            __ _ _
 /\\ / ___'_ __ _ _(_)_ __  __ _ \ \ \ \
( ( )\___ | '_ | '_| | '_ \/ _` | \ \ \ \
 \\/  ___)| |_)| | | | | || (_| |  ) ) ) )
  '  |____| .__|_| |_|_| |_\__, | / / / /
 =========|_|==============|___/=/_/_/_/
 :: Spring Boot ::                (v3.1.5)

2024-01-09T21:00:17.610+01:00  INFO 4196 --- [           main] n.h.b.F.rest.TestingWebApplicationTests  : Starting TestingWebApplicationTests using Java 19.0.2 with PID 4196 (started by fahimfaqiri in /Users/fahimfaqiri/Documents/Peek/backend)
2024-01-09T21:00:17.611+01:00  INFO 4196 --- [           main] n.h.b.F.rest.TestingWebApplicationTests  : No active profile set, falling back to 1 default profile: "default"
2024-01-09T21:00:17.993+01:00  INFO 4196 --- [           main] .s.d.r.c.RepositoryConfigurationDelegate : Bootstrapping Spring Data JPA repositories in DEFAULT mode.
2024-01-09T21:00:18.033+01:00  INFO 4196 --- [           main] .s.d.r.c.RepositoryConfigurationDelegate : Finished Spring Data repository scanning in 36 ms. Found 10 JPA repository interfaces.
2024-01-09T21:00:18.308+01:00  INFO 4196 --- [           main] o.hibernate.jpa.internal.util.LogHelper  : HHH000204: Processing PersistenceUnitInfo [name: default]
2024-01-09T21:00:18.336+01:00  INFO 4196 --- [           main] org.hibernate.Version                    : HHH000412: Hibernate ORM core version 6.2.13.Final
2024-01-09T21:00:18.337+01:00  INFO 4196 --- [           main] org.hibernate.cfg.Environment            : HHH000406: Using bytecode reflection optimizer
2024-01-09T21:00:18.340+01:00  WARN 4196 --- [           main] org.hibernate.orm.deprecation            : HHH90000021: Encountered deprecated setting [javax.persistence.validation.mode], use [jakarta.persistence.validation.mode] instead
2024-01-09T21:00:18.388+01:00 DEBUG 4196 --- [           main] org.hibernate.type.BasicTypeRegistry     : Adding type registration boolean -> org.hibernate.type.BasicTypeReference@30922f8d
2024-01-09T21:00:18.388+01:00 DEBUG 4196 --- [           main] org.hibernate.type.BasicTypeRegistry     : Adding type registration boolean -> org.hibernate.type.BasicTypeReference@30922f8d
2024-01-09T21:00:18.388+01:00 DEBUG 4196 --- [           main] org.hibernate.type.BasicTypeRegistry     : Adding type registration java.lang.Boolean -> org.hibernate.type.BasicTypeReference@30922f8d
2024-01-09T21:00:18.388+01:00 DEBUG 4196 --- [           main] org.hibernate.type.BasicTypeRegistry     : Adding type registration numeric_boolean -> org.hibernate.type.BasicTypeReference@50211483
2024-01-09T21:00:18.389+01:00 DEBUG 4196 --- [           main] org.hibernate.type.BasicTypeRegistry     : Adding type registration org.hibernate.type.NumericBooleanConverter -> org.hibernate.type.BasicTypeReference@50211483
2024-01-09T21:00:18.389+01:00 DEBUG 4196 --- [           main] org.hibernate.type.BasicTypeRegistry     : Adding type registration true_false -> org.hibernate.type.BasicTypeReference@51ff3c4b
2024-01-09T21:00:18.389+01:00 DEBUG 4196 --- [           main] org.hibernate.type.BasicTypeRegistry     : Adding type registration org.hibernate.type.TrueFalseConverter -> org.hibernate.type.BasicTypeReference@51ff3c4b
2024-01-09T21:00:18.389+01:00 DEBUG 4196 --- [           main] org.hibernate.type.BasicTypeRegistry     : Adding type registration yes_no -> org.hibernate.type.BasicTypeReference@1472208d
2024-01-09T21:00:18.389+01:00 DEBUG 4196 --- [           main] org.hibernate.type.BasicTypeRegistry     : Adding type registration org.hibernate.type.YesNoConverter -> org.hibernate.type.BasicTypeReference@1472208d
2024-01-09T21:00:18.389+01:00 DEBUG 4196 --- [           main] org.hibernate.type.BasicTypeRegistry     : Adding type registration byte -> org.hibernate.type.BasicTypeReference@35bd8bc9
2024-01-09T21:00:18.389+01:00 DEBUG 4196 --- [           main] org.hibernate.type.BasicTypeRegistry     : Adding type registration byte -> org.hibernate.type.BasicTypeReference@35bd8bc9
2024-01-09T21:00:18.389+01:00 DEBUG 4196 --- [           main] org.hibernate.type.BasicTypeRegistry     : Adding type registration java.lang.Byte -> org.hibernate.type.BasicTypeReference@35bd8bc9
2024-01-09T21:00:18.389+01:00 DEBUG 4196 --- [           main] org.hibernate.type.BasicTypeRegistry     : Adding type registration binary -> org.hibernate.type.BasicTypeReference@6de004f1
2024-01-09T21:00:18.389+01:00 DEBUG 4196 --- [           main] org.hibernate.type.BasicTypeRegistry     : Adding type registration byte[] -> org.hibernate.type.BasicTypeReference@6de004f1
2024-01-09T21:00:18.389+01:00 DEBUG 4196 --- [           main] org.hibernate.type.BasicTypeRegistry     : Adding type registration [B -> org.hibernate.type.BasicTypeReference@6de004f1
2024-01-09T21:00:18.389+01:00 DEBUG 4196 --- [           main] org.hibernate.type.BasicTypeRegistry     : Adding type registration binary_wrapper -> org.hibernate.type.BasicTypeReference@45d56062
2024-01-09T21:00:18.389+01:00 DEBUG 4196 --- [           main] org.hibernate.type.BasicTypeRegistry     : Adding type registration wrapper-binary -> org.hibernate.type.BasicTypeReference@45d56062
2024-01-09T21:00:18.389+01:00 DEBUG 4196 --- [           main] org.hibernate.type.BasicTypeRegistry     : Adding type registration image -> org.hibernate.type.BasicTypeReference@4026461d
2024-01-09T21:00:18.389+01:00 DEBUG 4196 --- [           main] org.hibernate.type.BasicTypeRegistry     : Adding type registration blob -> org.hibernate.type.BasicTypeReference@191c6e13
2024-01-09T21:00:18.389+01:00 DEBUG 4196 --- [           main] org.hibernate.type.BasicTypeRegistry     : Adding type registration java.sql.Blob -> org.hibernate.type.BasicTypeReference@191c6e13
2024-01-09T21:00:18.390+01:00 DEBUG 4196 --- [           main] org.hibernate.type.BasicTypeRegistry     : Adding type registration materialized_blob -> org.hibernate.type.BasicTypeReference@7436364d
2024-01-09T21:00:18.390+01:00 DEBUG 4196 --- [           main] org.hibernate.type.BasicTypeRegistry     : Adding type registration materialized_blob_wrapper -> org.hibernate.type.BasicTypeReference@1a8e9ed9
2024-01-09T21:00:18.390+01:00 DEBUG 4196 --- [           main] org.hibernate.type.BasicTypeRegistry     : Adding type registration short -> org.hibernate.type.BasicTypeReference@68ea253b
2024-01-09T21:00:18.390+01:00 DEBUG 4196 --- [           main] org.hibernate.type.BasicTypeRegistry     : Adding type registration short -> org.hibernate.type.BasicTypeReference@68ea253b
2024-01-09T21:00:18.390+01:00 DEBUG 4196 --- [           main] org.hibernate.type.BasicTypeRegistry     : Adding type registration java.lang.Short -> org.hibernate.type.BasicTypeReference@68ea253b
2024-01-09T21:00:18.390+01:00 DEBUG 4196 --- [           main] org.hibernate.type.BasicTypeRegistry     : Adding type registration integer -> org.hibernate.type.BasicTypeReference@12fcb2c3
2024-01-09T21:00:18.390+01:00 DEBUG 4196 --- [           main] org.hibernate.type.BasicTypeRegistry     : Adding type registration int -> org.hibernate.type.BasicTypeReference@12fcb2c3
2024-01-09T21:00:18.390+01:00 DEBUG 4196 --- [           main] org.hibernate.type.BasicTypeRegistry     : Adding type registration java.lang.Integer -> org.hibernate.type.BasicTypeReference@12fcb2c3
2024-01-09T21:00:18.390+01:00 DEBUG 4196 --- [           main] org.hibernate.type.BasicTypeRegistry     : Adding type registration long -> org.hibernate.type.BasicTypeReference@57bd6a8f
2024-01-09T21:00:18.390+01:00 DEBUG 4196 --- [           main] org.hibernate.type.BasicTypeRegistry     : Adding type registration long -> org.hibernate.type.BasicTypeReference@57bd6a8f
2024-01-09T21:00:18.390+01:00 DEBUG 4196 --- [           main] org.hibernate.type.BasicTypeRegistry     : Adding type registration java.lang.Long -> org.hibernate.type.BasicTypeReference@57bd6a8f
2024-01-09T21:00:18.390+01:00 DEBUG 4196 --- [           main] org.hibernate.type.BasicTypeRegistry     : Adding type registration float -> org.hibernate.type.BasicTypeReference@39ab5ef7
2024-01-09T21:00:18.391+01:00 DEBUG 4196 --- [           main] org.hibernate.type.BasicTypeRegistry     : Adding type registration float -> org.hibernate.type.BasicTypeReference@39ab5ef7
2024-01-09T21:00:18.391+01:00 DEBUG 4196 --- [           main] org.hibernate.type.BasicTypeRegistry     : Adding type registration java.lang.Float -> org.hibernate.type.BasicTypeReference@39ab5ef7
2024-01-09T21:00:18.391+01:00 DEBUG 4196 --- [           main] org.hibernate.type.BasicTypeRegistry     : Adding type registration double -> org.hibernate.type.BasicTypeReference@517704
2024-01-09T21:00:18.391+01:00 DEBUG 4196 --- [           main] org.hibernate.type.BasicTypeRegistry     : Adding type registration double -> org.hibernate.type.BasicTypeReference@517704
2024-01-09T21:00:18.391+01:00 DEBUG 4196 --- [           main] org.hibernate.type.BasicTypeRegistry     : Adding type registration java.lang.Double -> org.hibernate.type.BasicTypeReference@517704
2024-01-09T21:00:18.391+01:00 DEBUG 4196 --- [           main] org.hibernate.type.BasicTypeRegistry     : Adding type registration big_integer -> org.hibernate.type.BasicTypeReference@77cca767
2024-01-09T21:00:18.391+01:00 DEBUG 4196 --- [           main] org.hibernate.type.BasicTypeRegistry     : Adding type registration java.math.BigInteger -> org.hibernate.type.BasicTypeReference@77cca767
2024-01-09T21:00:18.391+01:00 DEBUG 4196 --- [           main] org.hibernate.type.BasicTypeRegistry     : Adding type registration big_decimal -> org.hibernate.type.BasicTypeReference@4b195203
2024-01-09T21:00:18.391+01:00 DEBUG 4196 --- [           main] org.hibernate.type.BasicTypeRegistry     : Adding type registration java.math.BigDecimal -> org.hibernate.type.BasicTypeReference@4b195203
2024-01-09T21:00:18.391+01:00 DEBUG 4196 --- [           main] org.hibernate.type.BasicTypeRegistry     : Adding type registration character -> org.hibernate.type.BasicTypeReference@28a6e171
2024-01-09T21:00:18.391+01:00 DEBUG 4196 --- [           main] org.hibernate.type.BasicTypeRegistry     : Adding type registration char -> org.hibernate.type.BasicTypeReference@28a6e171
2024-01-09T21:00:18.391+01:00 DEBUG 4196 --- [           main] org.hibernate.type.BasicTypeRegistry     : Adding type registration java.lang.Character -> org.hibernate.type.BasicTypeReference@28a6e171
2024-01-09T21:00:18.391+01:00 DEBUG 4196 --- [           main] org.hibernate.type.BasicTypeRegistry     : Adding type registration character_nchar -> org.hibernate.type.BasicTypeReference@23444a36
2024-01-09T21:00:18.391+01:00 DEBUG 4196 --- [           main] org.hibernate.type.BasicTypeRegistry     : Adding type registration string -> org.hibernate.type.BasicTypeReference@31a136a6
2024-01-09T21:00:18.391+01:00 DEBUG 4196 --- [           main] org.hibernate.type.BasicTypeRegistry     : Adding type registration java.lang.String -> org.hibernate.type.BasicTypeReference@31a136a6
2024-01-09T21:00:18.391+01:00 DEBUG 4196 --- [           main] org.hibernate.type.BasicTypeRegistry     : Adding type registration nstring -> org.hibernate.type.BasicTypeReference@30a9e3db
2024-01-09T21:00:18.392+01:00 DEBUG 4196 --- [           main] org.hibernate.type.BasicTypeRegistry     : Adding type registration characters -> org.hibernate.type.BasicTypeReference@2f9b21d6
2024-01-09T21:00:18.392+01:00 DEBUG 4196 --- [           main] org.hibernate.type.BasicTypeRegistry     : Adding type registration char[] -> org.hibernate.type.BasicTypeReference@2f9b21d6
2024-01-09T21:00:18.392+01:00 DEBUG 4196 --- [           main] org.hibernate.type.BasicTypeRegistry     : Adding type registration [C -> org.hibernate.type.BasicTypeReference@2f9b21d6
2024-01-09T21:00:18.392+01:00 DEBUG 4196 --- [           main] org.hibernate.type.BasicTypeRegistry     : Adding type registration wrapper-characters -> org.hibernate.type.BasicTypeReference@2e0fdbe9
2024-01-09T21:00:18.392+01:00 DEBUG 4196 --- [           main] org.hibernate.type.BasicTypeRegistry     : Adding type registration text -> org.hibernate.type.BasicTypeReference@16a3cc88
2024-01-09T21:00:18.392+01:00 DEBUG 4196 --- [           main] org.hibernate.type.BasicTypeRegistry     : Adding type registration ntext -> org.hibernate.type.BasicTypeReference@696b52bc
2024-01-09T21:00:18.392+01:00 DEBUG 4196 --- [           main] org.hibernate.type.BasicTypeRegistry     : Adding type registration clob -> org.hibernate.type.BasicTypeReference@1f884bd6
2024-01-09T21:00:18.392+01:00 DEBUG 4196 --- [           main] org.hibernate.type.BasicTypeRegistry     : Adding type registration java.sql.Clob -> org.hibernate.type.BasicTypeReference@1f884bd6
2024-01-09T21:00:18.392+01:00 DEBUG 4196 --- [           main] org.hibernate.type.BasicTypeRegistry     : Adding type registration nclob -> org.hibernate.type.BasicTypeReference@4f081b5d
2024-01-09T21:00:18.392+01:00 DEBUG 4196 --- [           main] org.hibernate.type.BasicTypeRegistry     : Adding type registration java.sql.NClob -> org.hibernate.type.BasicTypeReference@4f081b5d
2024-01-09T21:00:18.392+01:00 DEBUG 4196 --- [           main] org.hibernate.type.BasicTypeRegistry     : Adding type registration materialized_clob -> org.hibernate.type.BasicTypeReference@474749b8
2024-01-09T21:00:18.392+01:00 DEBUG 4196 --- [           main] org.hibernate.type.BasicTypeRegistry     : Adding type registration materialized_clob_char_array -> org.hibernate.type.BasicTypeReference@740a0d5e
2024-01-09T21:00:18.392+01:00 DEBUG 4196 --- [           main] org.hibernate.type.BasicTypeRegistry     : Adding type registration materialized_clob_character_array -> org.hibernate.type.BasicTypeReference@29013ef2
2024-01-09T21:00:18.392+01:00 DEBUG 4196 --- [           main] org.hibernate.type.BasicTypeRegistry     : Adding type registration materialized_nclob -> org.hibernate.type.BasicTypeReference@265c1a7c
2024-01-09T21:00:18.392+01:00 DEBUG 4196 --- [           main] org.hibernate.type.BasicTypeRegistry     : Adding type registration materialized_nclob_character_array -> org.hibernate.type.BasicTypeReference@5b2b8d86
2024-01-09T21:00:18.393+01:00 DEBUG 4196 --- [           main] org.hibernate.type.BasicTypeRegistry     : Adding type registration materialized_nclob_char_array -> org.hibernate.type.BasicTypeReference@7fef0b40
2024-01-09T21:00:18.393+01:00 DEBUG 4196 --- [           main] org.hibernate.type.BasicTypeRegistry     : Adding type registration Duration -> org.hibernate.type.BasicTypeReference@5f395ce1
2024-01-09T21:00:18.393+01:00 DEBUG 4196 --- [           main] org.hibernate.type.BasicTypeRegistry     : Adding type registration java.time.Duration -> org.hibernate.type.BasicTypeReference@5f395ce1
2024-01-09T21:00:18.393+01:00 DEBUG 4196 --- [           main] org.hibernate.type.BasicTypeRegistry     : Adding type registration LocalDateTime -> org.hibernate.type.BasicTypeReference@19f02280
2024-01-09T21:00:18.393+01:00 DEBUG 4196 --- [           main] org.hibernate.type.BasicTypeRegistry     : Adding type registration java.time.LocalDateTime -> org.hibernate.type.BasicTypeReference@19f02280
2024-01-09T21:00:18.393+01:00 DEBUG 4196 --- [           main] org.hibernate.type.BasicTypeRegistry     : Adding type registration LocalDate -> org.hibernate.type.BasicTypeReference@1e30db85
2024-01-09T21:00:18.393+01:00 DEBUG 4196 --- [           main] org.hibernate.type.BasicTypeRegistry     : Adding type registration java.time.LocalDate -> org.hibernate.type.BasicTypeReference@1e30db85
2024-01-09T21:00:18.393+01:00 DEBUG 4196 --- [           main] org.hibernate.type.BasicTypeRegistry     : Adding type registration LocalTime -> org.hibernate.type.BasicTypeReference@19827608
2024-01-09T21:00:18.393+01:00 DEBUG 4196 --- [           main] org.hibernate.type.BasicTypeRegistry     : Adding type registration java.time.LocalTime -> org.hibernate.type.BasicTypeReference@19827608
2024-01-09T21:00:18.393+01:00 DEBUG 4196 --- [           main] org.hibernate.type.BasicTypeRegistry     : Adding type registration OffsetDateTime -> org.hibernate.type.BasicTypeReference@cc9ef8d
2024-01-09T21:00:18.393+01:00 DEBUG 4196 --- [           main] org.hibernate.type.BasicTypeRegistry     : Adding type registration java.time.OffsetDateTime -> org.hibernate.type.BasicTypeReference@cc9ef8d
2024-01-09T21:00:18.393+01:00 DEBUG 4196 --- [           main] org.hibernate.type.BasicTypeRegistry     : Adding type registration OffsetDateTimeWithTimezone -> org.hibernate.type.BasicTypeReference@14b528b6
2024-01-09T21:00:18.393+01:00 DEBUG 4196 --- [           main] org.hibernate.type.BasicTypeRegistry     : Adding type registration OffsetDateTimeWithoutTimezone -> org.hibernate.type.BasicTypeReference@c412556
2024-01-09T21:00:18.393+01:00 DEBUG 4196 --- [           main] org.hibernate.type.BasicTypeRegistry     : Adding type registration OffsetTime -> org.hibernate.type.BasicTypeReference@6f930e0
2024-01-09T21:00:18.393+01:00 DEBUG 4196 --- [           main] org.hibernate.type.BasicTypeRegistry     : Adding type registration java.time.OffsetTime -> org.hibernate.type.BasicTypeReference@6f930e0
2024-01-09T21:00:18.393+01:00 DEBUG 4196 --- [           main] org.hibernate.type.BasicTypeRegistry     : Adding type registration OffsetTimeUtc -> org.hibernate.type.BasicTypeReference@450f0235
2024-01-09T21:00:18.393+01:00 DEBUG 4196 --- [           main] org.hibernate.type.BasicTypeRegistry     : Adding type registration OffsetTimeWithTimezone -> org.hibernate.type.BasicTypeReference@78c262ba
2024-01-09T21:00:18.393+01:00 DEBUG 4196 --- [           main] org.hibernate.type.BasicTypeRegistry     : Adding type registration OffsetTimeWithoutTimezone -> org.hibernate.type.BasicTypeReference@7d2c9361
2024-01-09T21:00:18.393+01:00 DEBUG 4196 --- [           main] org.hibernate.type.BasicTypeRegistry     : Adding type registration ZonedDateTime -> org.hibernate.type.BasicTypeReference@329dc214
2024-01-09T21:00:18.394+01:00 DEBUG 4196 --- [           main] org.hibernate.type.BasicTypeRegistry     : Adding type registration java.time.ZonedDateTime -> org.hibernate.type.BasicTypeReference@329dc214
2024-01-09T21:00:18.394+01:00 DEBUG 4196 --- [           main] org.hibernate.type.BasicTypeRegistry     : Adding type registration ZonedDateTimeWithTimezone -> org.hibernate.type.BasicTypeReference@fbe70d8
2024-01-09T21:00:18.394+01:00 DEBUG 4196 --- [           main] org.hibernate.type.BasicTypeRegistry     : Adding type registration ZonedDateTimeWithoutTimezone -> org.hibernate.type.BasicTypeReference@64021427
2024-01-09T21:00:18.394+01:00 DEBUG 4196 --- [           main] org.hibernate.type.BasicTypeRegistry     : Adding type registration date -> org.hibernate.type.BasicTypeReference@7d2c345d
2024-01-09T21:00:18.394+01:00 DEBUG 4196 --- [           main] org.hibernate.type.BasicTypeRegistry     : Adding type registration java.sql.Date -> org.hibernate.type.BasicTypeReference@7d2c345d
2024-01-09T21:00:18.394+01:00 DEBUG 4196 --- [           main] org.hibernate.type.BasicTypeRegistry     : Adding type registration time -> org.hibernate.type.BasicTypeReference@217dc48e
2024-01-09T21:00:18.394+01:00 DEBUG 4196 --- [           main] org.hibernate.type.BasicTypeRegistry     : Adding type registration java.sql.Time -> org.hibernate.type.BasicTypeReference@217dc48e
2024-01-09T21:00:18.394+01:00 DEBUG 4196 --- [           main] org.hibernate.type.BasicTypeRegistry     : Adding type registration timestamp -> org.hibernate.type.BasicTypeReference@5db948c9
2024-01-09T21:00:18.394+01:00 DEBUG 4196 --- [           main] org.hibernate.type.BasicTypeRegistry     : Adding type registration java.sql.Timestamp -> org.hibernate.type.BasicTypeReference@5db948c9
2024-01-09T21:00:18.394+01:00 DEBUG 4196 --- [           main] org.hibernate.type.BasicTypeRegistry     : Adding type registration java.util.Date -> org.hibernate.type.BasicTypeReference@5db948c9
2024-01-09T21:00:18.394+01:00 DEBUG 4196 --- [           main] org.hibernate.type.BasicTypeRegistry     : Adding type registration calendar -> org.hibernate.type.BasicTypeReference@296edc75
2024-01-09T21:00:18.394+01:00 DEBUG 4196 --- [           main] org.hibernate.type.BasicTypeRegistry     : Adding type registration java.util.Calendar -> org.hibernate.type.BasicTypeReference@296edc75
2024-01-09T21:00:18.394+01:00 DEBUG 4196 --- [           main] org.hibernate.type.BasicTypeRegistry     : Adding type registration java.util.GregorianCalendar -> org.hibernate.type.BasicTypeReference@296edc75
2024-01-09T21:00:18.394+01:00 DEBUG 4196 --- [           main] org.hibernate.type.BasicTypeRegistry     : Adding type registration calendar_date -> org.hibernate.type.BasicTypeReference@357c9bd9
2024-01-09T21:00:18.394+01:00 DEBUG 4196 --- [           main] org.hibernate.type.BasicTypeRegistry     : Adding type registration calendar_time -> org.hibernate.type.BasicTypeReference@7aea704c
2024-01-09T21:00:18.394+01:00 DEBUG 4196 --- [           main] org.hibernate.type.BasicTypeRegistry     : Adding type registration instant -> org.hibernate.type.BasicTypeReference@6d0290d8
2024-01-09T21:00:18.394+01:00 DEBUG 4196 --- [           main] org.hibernate.type.BasicTypeRegistry     : Adding type registration java.time.Instant -> org.hibernate.type.BasicTypeReference@6d0290d8
2024-01-09T21:00:18.394+01:00 DEBUG 4196 --- [           main] org.hibernate.type.BasicTypeRegistry     : Adding type registration uuid -> org.hibernate.type.BasicTypeReference@32507479
2024-01-09T21:00:18.394+01:00 DEBUG 4196 --- [           main] org.hibernate.type.BasicTypeRegistry     : Adding type registration java.util.UUID -> org.hibernate.type.BasicTypeReference@32507479
2024-01-09T21:00:18.394+01:00 DEBUG 4196 --- [           main] org.hibernate.type.BasicTypeRegistry     : Adding type registration pg-uuid -> org.hibernate.type.BasicTypeReference@32507479
2024-01-09T21:00:18.394+01:00 DEBUG 4196 --- [           main] org.hibernate.type.BasicTypeRegistry     : Adding type registration uuid-binary -> org.hibernate.type.BasicTypeReference@632383b9
2024-01-09T21:00:18.394+01:00 DEBUG 4196 --- [           main] org.hibernate.type.BasicTypeRegistry     : Adding type registration uuid-char -> org.hibernate.type.BasicTypeReference@4ae2e781
2024-01-09T21:00:18.394+01:00 DEBUG 4196 --- [           main] org.hibernate.type.BasicTypeRegistry     : Adding type registration class -> org.hibernate.type.BasicTypeReference@339f3a55
2024-01-09T21:00:18.395+01:00 DEBUG 4196 --- [           main] org.hibernate.type.BasicTypeRegistry     : Adding type registration java.lang.Class -> org.hibernate.type.BasicTypeReference@339f3a55
2024-01-09T21:00:18.395+01:00 DEBUG 4196 --- [           main] org.hibernate.type.BasicTypeRegistry     : Adding type registration currency -> org.hibernate.type.BasicTypeReference@2dd63e3
2024-01-09T21:00:18.395+01:00 DEBUG 4196 --- [           main] org.hibernate.type.BasicTypeRegistry     : Adding type registration Currency -> org.hibernate.type.BasicTypeReference@2dd63e3
2024-01-09T21:00:18.395+01:00 DEBUG 4196 --- [           main] org.hibernate.type.BasicTypeRegistry     : Adding type registration java.util.Currency -> org.hibernate.type.BasicTypeReference@2dd63e3
2024-01-09T21:00:18.395+01:00 DEBUG 4196 --- [           main] org.hibernate.type.BasicTypeRegistry     : Adding type registration locale -> org.hibernate.type.BasicTypeReference@7d1c164a
2024-01-09T21:00:18.395+01:00 DEBUG 4196 --- [           main] org.hibernate.type.BasicTypeRegistry     : Adding type registration java.util.Locale -> org.hibernate.type.BasicTypeReference@7d1c164a
2024-01-09T21:00:18.395+01:00 DEBUG 4196 --- [           main] org.hibernate.type.BasicTypeRegistry     : Adding type registration serializable -> org.hibernate.type.BasicTypeReference@209f3887
2024-01-09T21:00:18.395+01:00 DEBUG 4196 --- [           main] org.hibernate.type.BasicTypeRegistry     : Adding type registration java.io.Serializable -> org.hibernate.type.BasicTypeReference@209f3887
2024-01-09T21:00:18.395+01:00 DEBUG 4196 --- [           main] org.hibernate.type.BasicTypeRegistry     : Adding type registration timezone -> org.hibernate.type.BasicTypeReference@6a98f353
2024-01-09T21:00:18.395+01:00 DEBUG 4196 --- [           main] org.hibernate.type.BasicTypeRegistry     : Adding type registration java.util.TimeZone -> org.hibernate.type.BasicTypeReference@6a98f353
2024-01-09T21:00:18.395+01:00 DEBUG 4196 --- [           main] org.hibernate.type.BasicTypeRegistry     : Adding type registration ZoneOffset -> org.hibernate.type.BasicTypeReference@3b35798
2024-01-09T21:00:18.395+01:00 DEBUG 4196 --- [           main] org.hibernate.type.BasicTypeRegistry     : Adding type registration java.time.ZoneOffset -> org.hibernate.type.BasicTypeReference@3b35798
2024-01-09T21:00:18.395+01:00 DEBUG 4196 --- [           main] org.hibernate.type.BasicTypeRegistry     : Adding type registration url -> org.hibernate.type.BasicTypeReference@1e00bfe2
2024-01-09T21:00:18.395+01:00 DEBUG 4196 --- [           main] org.hibernate.type.BasicTypeRegistry     : Adding type registration java.net.URL -> org.hibernate.type.BasicTypeReference@1e00bfe2
2024-01-09T21:00:18.395+01:00 DEBUG 4196 --- [           main] org.hibernate.type.BasicTypeRegistry     : Adding type registration row_version -> org.hibernate.type.BasicTypeReference@4702e7a5
2024-01-09T21:00:18.398+01:00 DEBUG 4196 --- [           main] org.hibernate.type.BasicTypeRegistry     : Adding type registration object -> org.hibernate.type.JavaObjectType@6b162ecc
2024-01-09T21:00:18.398+01:00 DEBUG 4196 --- [           main] org.hibernate.type.BasicTypeRegistry     : Adding type registration java.lang.Object -> org.hibernate.type.JavaObjectType@6b162ecc
2024-01-09T21:00:18.399+01:00 DEBUG 4196 --- [           main] org.hibernate.type.BasicTypeRegistry     : Adding type registration null -> org.hibernate.type.NullType@40d848f9
2024-01-09T21:00:18.399+01:00 DEBUG 4196 --- [           main] org.hibernate.type.BasicTypeRegistry     : Adding type registration imm_date -> org.hibernate.type.BasicTypeReference@4a864d4d
2024-01-09T21:00:18.399+01:00 DEBUG 4196 --- [           main] org.hibernate.type.BasicTypeRegistry     : Adding type registration imm_time -> org.hibernate.type.BasicTypeReference@46a123e4
2024-01-09T21:00:18.399+01:00 DEBUG 4196 --- [           main] org.hibernate.type.BasicTypeRegistry     : Adding type registration imm_timestamp -> org.hibernate.type.BasicTypeReference@44bc2449
2024-01-09T21:00:18.399+01:00 DEBUG 4196 --- [           main] org.hibernate.type.BasicTypeRegistry     : Adding type registration imm_calendar -> org.hibernate.type.BasicTypeReference@3c28e5b6
2024-01-09T21:00:18.399+01:00 DEBUG 4196 --- [           main] org.hibernate.type.BasicTypeRegistry     : Adding type registration imm_calendar_date -> org.hibernate.type.BasicTypeReference@7558c24b
2024-01-09T21:00:18.399+01:00 DEBUG 4196 --- [           main] org.hibernate.type.BasicTypeRegistry     : Adding type registration imm_calendar_time -> org.hibernate.type.BasicTypeReference@3a296107
2024-01-09T21:00:18.399+01:00 DEBUG 4196 --- [           main] org.hibernate.type.BasicTypeRegistry     : Adding type registration imm_binary -> org.hibernate.type.BasicTypeReference@1f129467
2024-01-09T21:00:18.399+01:00 DEBUG 4196 --- [           main] org.hibernate.type.BasicTypeRegistry     : Adding type registration imm_serializable -> org.hibernate.type.BasicTypeReference@646cd766
2024-01-09T21:00:18.483+01:00  INFO 4196 --- [           main] o.s.o.j.p.SpringPersistenceUnitInfo      : No LoadTimeWeaver setup: ignoring JPA class transformer
2024-01-09T21:00:18.497+01:00  INFO 4196 --- [           main] com.zaxxer.hikari.HikariDataSource       : HikariPool-1 - Starting...
2024-01-09T21:00:18.695+01:00  INFO 4196 --- [           main] com.zaxxer.hikari.pool.HikariPool        : HikariPool-1 - Added connection com.mysql.cj.jdbc.ConnectionImpl@377dbc50
2024-01-09T21:00:18.696+01:00  INFO 4196 --- [           main] com.zaxxer.hikari.HikariDataSource       : HikariPool-1 - Start completed.
2024-01-09T21:00:18.722+01:00  WARN 4196 --- [           main] org.hibernate.orm.deprecation            : HHH90000025: MySQLDialect does not need to be specified explicitly using 'hibernate.dialect' (remove the property setting and it will be selected by default)
2024-01-09T21:00:18.734+01:00 DEBUG 4196 --- [           main] o.h.t.d.sql.spi.DdlTypeRegistry          : addDescriptor(12, org.hibernate.type.descriptor.sql.internal.CapacityDependentDdlType@31e7afde) replaced previous registration(org.hibernate.type.descriptor.sql.internal.CapacityDependentDdlType@349f3ff7)
2024-01-09T21:00:18.734+01:00 DEBUG 4196 --- [           main] o.h.t.d.sql.spi.DdlTypeRegistry          : addDescriptor(-9, org.hibernate.type.descriptor.sql.internal.CapacityDependentDdlType@2487e20) replaced previous registration(org.hibernate.type.descriptor.sql.internal.CapacityDependentDdlType@3c9f4376)
2024-01-09T21:00:18.734+01:00 DEBUG 4196 --- [           main] o.h.t.d.sql.spi.DdlTypeRegistry          : addDescriptor(-3, org.hibernate.type.descriptor.sql.internal.CapacityDependentDdlType@308a9264) replaced previous registration(org.hibernate.type.descriptor.sql.internal.CapacityDependentDdlType@7da77305)
2024-01-09T21:00:18.734+01:00 DEBUG 4196 --- [           main] o.h.t.d.sql.spi.DdlTypeRegistry          : addDescriptor(4003, org.hibernate.type.descriptor.sql.internal.DdlTypeImpl@3cdfbbef) replaced previous registration(org.hibernate.type.descriptor.sql.internal.DdlTypeImpl@7a1ddbf1)
2024-01-09T21:00:18.734+01:00 DEBUG 4196 --- [           main] o.h.t.d.sql.spi.DdlTypeRegistry          : addDescriptor(4001, org.hibernate.type.descriptor.sql.internal.DdlTypeImpl@1e606f64) replaced previous registration(org.hibernate.type.descriptor.sql.internal.DdlTypeImpl@581918f6)
2024-01-09T21:00:18.734+01:00 DEBUG 4196 --- [           main] o.h.t.d.sql.spi.DdlTypeRegistry          : addDescriptor(4002, org.hibernate.type.descriptor.sql.internal.DdlTypeImpl@1958c0d9) replaced previous registration(org.hibernate.type.descriptor.sql.internal.DdlTypeImpl@d8e4250)
2024-01-09T21:00:18.734+01:00 DEBUG 4196 --- [           main] o.h.t.d.sql.spi.DdlTypeRegistry          : addDescriptor(2004, org.hibernate.type.descriptor.sql.internal.CapacityDependentDdlType@100807ca) replaced previous registration(org.hibernate.type.descriptor.sql.internal.DdlTypeImpl@c67395)
2024-01-09T21:00:18.734+01:00 DEBUG 4196 --- [           main] o.h.t.d.sql.spi.DdlTypeRegistry          : addDescriptor(2005, org.hibernate.type.descriptor.sql.internal.CapacityDependentDdlType@5fc7255c) replaced previous registration(org.hibernate.type.descriptor.sql.internal.DdlTypeImpl@20a47036)
2024-01-09T21:00:18.734+01:00 DEBUG 4196 --- [           main] o.h.t.d.sql.spi.DdlTypeRegistry          : addDescriptor(2011, org.hibernate.type.descriptor.sql.internal.CapacityDependentDdlType@70c205bf) replaced previous registration(org.hibernate.type.descriptor.sql.internal.DdlTypeImpl@43ab9ae9)
2024-01-09T21:00:18.735+01:00 DEBUG 4196 --- [           main] o.h.t.d.jdbc.spi.JdbcTypeRegistry        : addDescriptor(NCharTypeDescriptor) replaced previous registration(CharTypeDescriptor)
2024-01-09T21:00:18.735+01:00 DEBUG 4196 --- [           main] o.h.t.d.jdbc.spi.JdbcTypeRegistry        : addDescriptor(NVarcharTypeDescriptor) replaced previous registration(VarcharTypeDescriptor)
2024-01-09T21:00:18.735+01:00 DEBUG 4196 --- [           main] o.h.t.d.jdbc.spi.JdbcTypeRegistry        : addDescriptor(LongNVarcharTypeDescriptor) replaced previous registration(LongVarcharTypeDescriptor)
2024-01-09T21:00:18.736+01:00 DEBUG 4196 --- [           main] o.h.t.d.jdbc.spi.JdbcTypeRegistry        : addDescriptor(NClobTypeDescriptor(DEFAULT)) replaced previous registration(ClobTypeDescriptor(DEFAULT))
2024-01-09T21:00:18.736+01:00 DEBUG 4196 --- [           main] o.h.t.d.jdbc.spi.JdbcTypeRegistry        : addDescriptor(2005, ClobTypeDescriptor(STREAM_BINDING)) replaced previous registration(ClobTypeDescriptor(DEFAULT))
2024-01-09T21:00:18.740+01:00 DEBUG 4196 --- [           main] org.hibernate.type.BasicTypeRegistry     : Adding type registration null -> org.hibernate.type.NullType@63814bbe
2024-01-09T21:00:18.740+01:00 DEBUG 4196 --- [           main] org.hibernate.type.BasicTypeRegistry     : Type registration key [null] overrode previous entry : `org.hibernate.type.NullType@40d848f9`
2024-01-09T21:00:18.742+01:00 DEBUG 4196 --- [           main] org.hibernate.type.BasicTypeRegistry     : Adding type registration Duration -> basicType@1(java.time.Duration,2)
2024-01-09T21:00:18.743+01:00 DEBUG 4196 --- [           main] org.hibernate.type.BasicTypeRegistry     : Adding type registration java.time.Duration -> basicType@1(java.time.Duration,2)
2024-01-09T21:00:18.744+01:00 DEBUG 4196 --- [           main] org.hibernate.type.BasicTypeRegistry     : Adding type registration org.hibernate.type.OffsetDateTimeType -> basicType@2(java.time.OffsetDateTime,3003)
2024-01-09T21:00:18.744+01:00 DEBUG 4196 --- [           main] org.hibernate.type.BasicTypeRegistry     : Adding type registration OffsetDateTime -> basicType@2(java.time.OffsetDateTime,3003)
2024-01-09T21:00:18.744+01:00 DEBUG 4196 --- [           main] org.hibernate.type.BasicTypeRegistry     : Adding type registration java.time.OffsetDateTime -> basicType@2(java.time.OffsetDateTime,3003)
2024-01-09T21:00:18.744+01:00 DEBUG 4196 --- [           main] org.hibernate.type.BasicTypeRegistry     : Adding type registration org.hibernate.type.ZonedDateTimeType -> basicType@3(java.time.ZonedDateTime,3003)
2024-01-09T21:00:18.744+01:00 DEBUG 4196 --- [           main] org.hibernate.type.BasicTypeRegistry     : Adding type registration ZonedDateTime -> basicType@3(java.time.ZonedDateTime,3003)
2024-01-09T21:00:18.744+01:00 DEBUG 4196 --- [           main] org.hibernate.type.BasicTypeRegistry     : Adding type registration java.time.ZonedDateTime -> basicType@3(java.time.ZonedDateTime,3003)
2024-01-09T21:00:18.744+01:00 DEBUG 4196 --- [           main] org.hibernate.type.BasicTypeRegistry     : Adding type registration org.hibernate.type.OffsetTimeType -> basicType@4(java.time.OffsetTime,3007)
2024-01-09T21:00:18.744+01:00 DEBUG 4196 --- [           main] org.hibernate.type.BasicTypeRegistry     : Adding type registration OffsetTime -> basicType@4(java.time.OffsetTime,3007)
2024-01-09T21:00:18.744+01:00 DEBUG 4196 --- [           main] org.hibernate.type.BasicTypeRegistry     : Adding type registration java.time.OffsetTime -> basicType@4(java.time.OffsetTime,3007)
2024-01-09T21:00:18.745+01:00 DEBUG 4196 --- [           main] o.h.type.spi.TypeConfiguration$Scope     : Scoping TypeConfiguration [org.hibernate.type.spi.TypeConfiguration@a047bdb] to MetadataBuildingContext [org.hibernate.boot.internal.MetadataBuildingContextRootImpl@14dbfdb1]
2024-01-09T21:00:19.299+01:00  INFO 4196 --- [           main] o.h.e.t.j.p.i.JtaPlatformInitiator       : HHH000489: No JTA platform available (set 'hibernate.transaction.jta.platform' to enable JTA platform integration)
2024-01-09T21:00:19.299+01:00 DEBUG 4196 --- [           main] o.h.type.spi.TypeConfiguration$Scope     : Scoping TypeConfiguration [org.hibernate.type.spi.TypeConfiguration@a047bdb] to SessionFactoryImplementor [org.hibernate.internal.SessionFactoryImpl@e23af91]
2024-01-09T21:00:19.422+01:00 TRACE 4196 --- [           main] o.h.type.spi.TypeConfiguration$Scope     : Handling #sessionFactoryCreated from [org.hibernate.internal.SessionFactoryImpl@e23af91] for TypeConfiguration
2024-01-09T21:00:19.422+01:00  INFO 4196 --- [           main] j.LocalContainerEntityManagerFactoryBean : Initialized JPA EntityManagerFactory for persistence unit 'default'
2024-01-09T21:00:19.527+01:00 DEBUG 4196 --- [           main] o.h.stat.internal.StatisticsInitiator    : Statistics initialized [enabled=false]
2024-01-09T21:00:19.642+01:00  INFO 4196 --- [           main] o.s.d.j.r.query.QueryEnhancerFactory     : Hibernate is in classpath; If applicable, HQL parser will be used.
2024-01-09T21:00:20.087+01:00  INFO 4196 --- [           main] nl.hva.backend.WebSocketConfig           : Configuring message broker
2024-01-09T21:00:20.145+01:00  INFO 4196 --- [           main] nl.hva.backend.WebSocketConfig           : Configuring WebSocket transport
2024-01-09T21:00:20.148+01:00  INFO 4196 --- [           main] nl.hva.backend.WebSocketConfig           : Registering Stomp endpoints
2024-01-09T21:00:20.194+01:00  WARN 4196 --- [           main] JpaBaseConfiguration$JpaWebConfiguration : spring.jpa.open-in-view is enabled by default. Therefore, database queries may be performed during view rendering. Explicitly configure spring.jpa.open-in-view to disable this warning
2024-01-09T21:00:20.284+01:00  INFO 4196 --- [           main] nl.hva.backend.APIConfig                 : Adding cors mappings
2024-01-09T21:00:20.359+01:00  INFO 4196 --- [           main] o.s.s.web.DefaultSecurityFilterChain     : Will secure any request with [org.springframework.security.web.session.DisableEncodeUrlFilter@6a24b9e2, org.springframework.security.web.context.request.async.WebAsyncManagerIntegrationFilter@7e6833c6, org.springframework.security.web.context.SecurityContextHolderFilter@bc4419c, org.springframework.security.web.header.HeaderWriterFilter@43f06942, org.springframework.web.filter.CorsFilter@21d1a0da, org.springframework.security.web.authentication.logout.LogoutFilter@764f6eb0, nl.hva.backend.security.jwt.AuthTokenFilter@47d6d2a7, org.springframework.security.web.savedrequest.RequestCacheAwareFilter@4a3c683d, org.springframework.security.web.servletapi.SecurityContextHolderAwareRequestFilter@3e706fc2, org.springframework.security.web.authentication.AnonymousAuthenticationFilter@6ea04064, org.springframework.security.web.session.SessionManagementFilter@52318fa0, org.springframework.security.web.access.ExceptionTranslationFilter@49ce89ec, org.springframework.security.web.access.intercept.AuthorizationFilter@3d6527bf]
2024-01-09T21:00:20.509+01:00  INFO 4196 --- [           main] o.s.m.s.b.SimpleBrokerMessageHandler     : Starting...
2024-01-09T21:00:20.509+01:00  INFO 4196 --- [           main] o.s.m.s.b.SimpleBrokerMessageHandler     : BrokerAvailabilityEvent[available=true, SimpleBrokerMessageHandler [org.springframework.messaging.simp.broker.DefaultSubscriptionRegistry@4a6198a7]]
2024-01-09T21:00:20.510+01:00  INFO 4196 --- [           main] o.s.m.s.b.SimpleBrokerMessageHandler     : Started.
2024-01-09T21:00:20.514+01:00  INFO 4196 --- [           main] n.h.b.F.rest.TestingWebApplicationTests  : Started TestingWebApplicationTests in 3.028 seconds (process running for 3.433)
]]></system-out>
  </testcase>
  <testcase name="testFindAllClients" classname="nl.hva.backend.Fahim.rest.TestingWebApplicationTests" time="0.015"/>
  <testcase name="testFindProjectById" classname="nl.hva.backend.Fahim.rest.TestingWebApplicationTests" time="0.014"/>
  <testcase name="contextLoads" classname="nl.hva.backend.Fahim.rest.TestingWebApplicationTests" time="0.001"/>
  <testcase name="testGetProjectById" classname="nl.hva.backend.Fahim.rest.TestingWebApplicationTests" time="0.005"/>
</testsuite>